e:\project\game\game\x64\debug\vc142.pdb
e:\project\game\game\x64\debug\vc142.idb
e:\project\game\game\x64\debug\player.obj
e:\project\game\game\x64\debug\mainmenu.obj
e:\project\game\game\x64\debug\main.obj
e:\project\game\game\x64\debug\item.obj
e:\project\game\game\x64\debug\enemy.obj
e:\project\game\game\x64\debug\collision.obj
e:\project\game\game\x64\debug\animation.obj
e:\project\game\game\x64\debug\bullet.obj
e:\project\game\x64\debug\game.exe
e:\project\game\x64\debug\game.ilk
e:\project\game\x64\debug\game.pdb
e:\project\game\game\x64\debug\main.new.obj.enc
e:\project\game\game\x64\debug\game.tlog\cl.command.1.tlog
e:\project\game\game\x64\debug\game.tlog\cl.read.1.tlog
e:\project\game\game\x64\debug\game.tlog\cl.write.1.tlog
e:\project\game\game\x64\debug\game.tlog\link.command.1.tlog
e:\project\game\game\x64\debug\game.tlog\link.read.1.tlog
e:\project\game\game\x64\debug\game.tlog\link.write.1.tlog
